AR_CubeonPlane/Library/Bee/Android/Prj/Mono2x/Gradle/launcher/build/intermediates/manifest_merge_blame_file/release/manifest-merger-blame-release-report.txt
1<?xml version="1.0" encoding="utf-8"?>
2<manifest xmlns:android="http://schemas.android.com/apk/res/android"
3    package="com.DefaultCompany.AR_3D_build"
4    android:installLocation="preferExternal"
5    android:versionCode="1"
6    android:versionName="0.1" >
7
8    <uses-sdk
9        android:minSdkVersion="24"
9-->src/main/AndroidManifest.xml
10        android:targetSdkVersion="30" />
10-->src/main/AndroidManifest.xml
11
12    <supports-screens
12-->src/main/AndroidManifest.xml:3:3-163
13        android:anyDensity="true"
13-->src/main/AndroidManifest.xml:3:135-160
14        android:largeScreens="true"
14-->src/main/AndroidManifest.xml:3:78-105
15        android:normalScreens="true"
15-->src/main/AndroidManifest.xml:3:49-77
16        android:smallScreens="true"
16-->src/main/AndroidManifest.xml:3:21-48
17        android:xlargeScreens="true" />
17-->src/main/AndroidManifest.xml:3:106-134
18
19    <uses-feature android:glEsVersion="0x00030000" />
19-->[:unityLibrary] AndroidManifest.xml:12:5-54
19-->[:unityLibrary] AndroidManifest.xml:12:19-51
20    <uses-feature
20-->[:unityLibrary] AndroidManifest.xml:13:5-15:36
21        android:name="android.hardware.vulkan.version"
21-->[:unityLibrary] AndroidManifest.xml:14:9-55
22        android:required="false" />
22-->[:unityLibrary] AndroidManifest.xml:15:9-33
23
24    <uses-permission android:name="android.permission.INTERNET" />
24-->[:unityLibrary] AndroidManifest.xml:17:5-67
24-->[:unityLibrary] AndroidManifest.xml:17:22-64
25    <uses-permission android:name="android.permission.ACCESS_NETWORK_STATE" />
25-->[:unityLibrary] AndroidManifest.xml:18:5-79
25-->[:unityLibrary] AndroidManifest.xml:18:22-76
26
27    <uses-feature
27-->[:unityLibrary] AndroidManifest.xml:20:5-22:36
28        android:name="android.hardware.touchscreen"
28-->[:unityLibrary] AndroidManifest.xml:21:9-52
29        android:required="false" />
29-->[:unityLibrary] AndroidManifest.xml:22:9-33
30    <uses-feature
30-->[:unityLibrary] AndroidManifest.xml:23:5-25:36
31        android:name="android.hardware.touchscreen.multitouch"
31-->[:unityLibrary] AndroidManifest.xml:24:9-63
32        android:required="false" />
32-->[:unityLibrary] AndroidManifest.xml:25:9-33
33    <uses-feature
33-->[:unityLibrary] AndroidManifest.xml:26:5-28:36
34        android:name="android.hardware.touchscreen.multitouch.distinct"
34-->[:unityLibrary] AndroidManifest.xml:27:9-72
35        android:required="false" />
35-->[:unityLibrary] AndroidManifest.xml:28:9-33
36
37    <uses-permission android:name="android.permission.CAMERA" />
37-->[:unityLibrary] AndroidManifest.xml:30:5-65
37-->[:unityLibrary] AndroidManifest.xml:30:22-62
38
39    <uses-feature
39-->[:unityLibrary] AndroidManifest.xml:32:5-34:35
40        android:name="android.hardware.camera.ar"
40-->[:unityLibrary] AndroidManifest.xml:33:9-50
41        android:required="true" />
41-->[:unityLibrary] AndroidManifest.xml:34:9-32
42    <uses-feature
42-->[:unityLibrary] AndroidManifest.xml:35:5-37:35
43        android:name="com.google.ar.core.depth"
43-->[:unityLibrary] AndroidManifest.xml:36:9-48
44        android:required="true" />
44-->[:unityLibrary] AndroidManifest.xml:37:9-32
45
46    <queries>
46-->[:arcore_client:] AndroidManifest.xml:29:5-31:15
47        <package android:name="com.google.ar.core" />
47-->[:arcore_client:] AndroidManifest.xml:30:9-54
47-->[:arcore_client:] AndroidManifest.xml:30:18-51
48    </queries>
49
50    <application
50-->src/main/AndroidManifest.xml:4:3-83
51        android:extractNativeLibs="true"
51-->[:unityLibrary] AndroidManifest.xml:39:18-50
52        android:icon="@mipmap/app_icon"
52-->src/main/AndroidManifest.xml:4:49-80
53        android:label="@string/app_name" >
53-->src/main/AndroidManifest.xml:4:16-48
54        <activity
54-->[:unityLibrary] AndroidManifest.xml:40:9-60:20
55            android:name="com.unity3d.player.UnityPlayerActivity"
55-->[:unityLibrary] AndroidManifest.xml:41:13-66
56            android:configChanges="mcc|mnc|locale|touchscreen|keyboard|keyboardHidden|navigation|orientation|screenLayout|uiMode|screenSize|smallestScreenSize|fontScale|layoutDirection|density"
56-->[:unityLibrary] AndroidManifest.xml:42:13-194
57            android:hardwareAccelerated="false"
57-->[:unityLibrary] AndroidManifest.xml:43:13-48
58            android:launchMode="singleTask"
58-->[:unityLibrary] AndroidManifest.xml:44:13-44
59            android:resizeableActivity="false"
59-->[:unityLibrary] AndroidManifest.xml:45:13-47
60            android:screenOrientation="fullUser"
60-->[:unityLibrary] AndroidManifest.xml:46:13-49
61            android:theme="@style/UnityThemeSelector" >
61-->[:unityLibrary] AndroidManifest.xml:47:13-54
62            <intent-filter>
62-->[:unityLibrary] AndroidManifest.xml:48:13-52:29
63                <action android:name="android.intent.action.MAIN" />
63-->[:unityLibrary] AndroidManifest.xml:49:17-69
63-->[:unityLibrary] AndroidManifest.xml:49:25-66
64
65                <category android:name="android.intent.category.LAUNCHER" />
65-->[:unityLibrary] AndroidManifest.xml:51:17-77
65-->[:unityLibrary] AndroidManifest.xml:51:27-74
66            </intent-filter>
67
68            <meta-data
68-->[:unityLibrary] AndroidManifest.xml:54:13-56:40
69                android:name="unityplayer.UnityActivity"
69-->[:unityLibrary] AndroidManifest.xml:55:17-57
70                android:value="true" />
70-->[:unityLibrary] AndroidManifest.xml:56:17-37
71            <meta-data
71-->[:unityLibrary] AndroidManifest.xml:57:13-59:40
72                android:name="android.notch_support"
72-->[:unityLibrary] AndroidManifest.xml:58:17-53
73                android:value="true" />
73-->[:unityLibrary] AndroidManifest.xml:59:17-37
74        </activity>
75
76        <meta-data
76-->[:unityLibrary] AndroidManifest.xml:62:9-64:33
77            android:name="unity.splash-mode"
77-->[:unityLibrary] AndroidManifest.xml:63:13-45
78            android:value="0" />
78-->[:unityLibrary] AndroidManifest.xml:64:13-30
79        <meta-data
79-->[:unityLibrary] AndroidManifest.xml:65:9-67:36
80            android:name="unity.splash-enable"
80-->[:unityLibrary] AndroidManifest.xml:66:13-47
81            android:value="True" />
81-->[:unityLibrary] AndroidManifest.xml:67:13-33
82        <meta-data
82-->[:unityLibrary] AndroidManifest.xml:68:9-70:36
83            android:name="unity.launch-fullscreen"
83-->[:unityLibrary] AndroidManifest.xml:69:13-51
84            android:value="True" />
84-->[:unityLibrary] AndroidManifest.xml:70:13-33
85        <meta-data
85-->[:unityLibrary] AndroidManifest.xml:71:9-73:37
86            android:name="unity.allow-resizable-window"
86-->[:unityLibrary] AndroidManifest.xml:72:13-56
87            android:value="False" />
87-->[:unityLibrary] AndroidManifest.xml:73:13-34
88        <meta-data
88-->[:unityLibrary] AndroidManifest.xml:74:9-76:50
89            android:name="notch.config"
89-->[:unityLibrary] AndroidManifest.xml:75:13-40
90            android:value="portrait|landscape" />
90-->[:unityLibrary] AndroidManifest.xml:76:13-47
91        <meta-data
91-->[:unityLibrary] AndroidManifest.xml:77:9-79:36
92            android:name="unityplayer.SkipPermissionsDialog"
92-->[:unityLibrary] AndroidManifest.xml:78:13-61
93            android:value="true" />
93-->[:unityLibrary] AndroidManifest.xml:79:13-33
94        <meta-data
94-->[:unityLibrary] AndroidManifest.xml:80:9-82:40
95            android:name="com.google.ar.core"
95-->[:unityLibrary] AndroidManifest.xml:81:13-46
96            android:value="required" /> <!-- The minimal version code of ARCore APK required for an app using this SDK. -->
96-->[:unityLibrary] AndroidManifest.xml:82:13-37
97        <meta-data
97-->[:arcore_client:] AndroidManifest.xml:36:9-38:41
98            android:name="com.google.ar.core.min_apk_version"
98-->[:arcore_client:] AndroidManifest.xml:37:13-62
99            android:value="210910000" /> <!-- This activity is critical for installing ARCore when it is not already present. -->
99-->[:arcore_client:] AndroidManifest.xml:38:13-38
100        <activity
100-->[:arcore_client:] AndroidManifest.xml:40:9-46:80
101            android:name="com.google.ar.core.InstallActivity"
101-->[:arcore_client:] AndroidManifest.xml:41:13-62
102            android:configChanges="keyboardHidden|orientation|screenSize"
102-->[:arcore_client:] AndroidManifest.xml:42:13-74
103            android:excludeFromRecents="true"
103-->[:arcore_client:] AndroidManifest.xml:43:13-46
104            android:exported="false"
104-->[:arcore_client:] AndroidManifest.xml:44:13-37
105            android:launchMode="singleTop"
105-->[:arcore_client:] AndroidManifest.xml:45:13-43
106            android:theme="@android:style/Theme.Material.Light.Dialog.Alert" />
106-->[:arcore_client:] AndroidManifest.xml:46:13-77
107    </application>
108
109</manifest>